2023-10-10 15:50:37: 123acb
2023-10-17 13:15:21: 123acb
2023-10-17 13:15:34: 123acb
2023-10-17 13:16:12: 123eeacb
2023-10-17 13:25:41: 123eeacb
2023-10-17 13:26:36: 123eeacb
2023-10-17 13:28:12: 123eeacb
2023-10-17 13:30:19: 123eeacb
2023-10-17 13:39:12: 123eeacb
2023-10-17 13:42:09: 123eeacb
2023-10-17 13:42:34: 123eeacb
2023-10-17 13:42:35: Lưu Trường An
2023-10-17 13:42:35: Lê Tuấn Anh
2023-10-17 13:42:35: Nguyễn Quốc Anh
2023-10-17 13:42:35: Phạm Tuấn Anh
2023-10-17 13:42:35: Đặng Duy Thành Công
2023-10-17 13:42:35: Cóong Phan Chí Dũng
2023-10-17 13:42:35: Nguyễn Tiến Dũng
2023-10-17 13:42:35: Nguyễn Văn Dũng
2023-10-17 13:42:35: Đinh Quang Duy
2023-10-17 13:42:35: Lê Anh Duy
2023-10-17 13:42:35: Nguyễn Khắc Duy
2023-10-17 13:42:35: Chu Võ Đại
2023-10-17 13:42:35: Nguyễn Zi Đan
2023-10-17 13:42:35: Dương Trần Nguyễn Đạt
2023-10-17 13:42:35: Vi Đào Tiến Đạt
2023-10-17 13:46:24: 123eeacb
2023-10-17 13:46:25: Lưu Trường An
2023-10-17 13:46:25: Lê Tuấn Anh
2023-10-17 13:46:25: Nguyễn Quốc Anh
2023-10-17 13:46:25: Phạm Tuấn Anh
2023-10-17 13:46:25: Đặng Duy Thành Công
2023-10-17 13:46:25: Cóong Phan Chí Dũng
2023-10-17 13:46:25: Nguyễn Tiến Dũng
2023-10-17 13:46:25: Nguyễn Văn Dũng
2023-10-17 13:46:25: Đinh Quang Duy
2023-10-17 13:46:26: Lê Anh Duy
2023-10-17 13:46:26: Nguyễn Khắc Duy
2023-10-17 13:46:26: Chu Võ Đại
2023-10-17 13:46:26: Nguyễn Zi Đan
2023-10-17 13:46:26: Dương Trần Nguyễn Đạt
2023-10-17 13:46:26: Vi Đào Tiến Đạt
2023-10-17 13:46:26: Phạm Triều Điền
2023-10-17 13:46:26: Trần Chánh Quốc Định
2023-10-17 13:46:26: Hứa Vĩnh Đức
2023-10-17 13:46:26: Nguyễn Thị Hồng Gấm
2023-10-17 13:46:26: Nguyễn Tài Hà
2023-10-17 13:46:26: Lê Tiến Hải
2023-10-17 13:46:26: Lý Gia Hào
2023-10-17 13:46:26: Nguyễn Phú Hào
2023-10-17 13:46:26: Ngô Minh Hiếu
2023-10-17 13:46:26: Trần Trung Hiếu
2023-10-17 13:46:26: Mai Xuân Hiệu
2023-10-17 13:46:26: Thiều Việt Hoàng
2023-10-17 13:46:26: Võ Văn Hùng
2023-10-17 13:46:26: Nguyễn Ngọc Huy
2023-10-17 13:46:26: Nguyễn Nhật Huy
2023-10-17 13:46:26: Võ Ngọc Huy
2023-10-17 13:46:26: Lê Tuấn Hưng
2023-10-17 13:46:26: Phan Diễm Hương
2023-10-17 13:46:26: Thái Đình Hữu
2023-10-17 13:46:26: Nguyễn Hoàng Kha
2023-10-17 13:46:26: Hồ Văn Khải
2023-10-17 13:46:26: Nguyễn Phúc Khải
2023-10-17 13:59:11: 123eeacb
2023-10-17 13:59:13: admin00
2023-10-17 13:59:13: admin01
2023-10-17 13:59:13: admin02
2023-10-17 13:59:13: admin03
2023-10-17 13:59:13: admin04
2023-10-17 14:19:05: 123eeacb
2023-10-17 14:19:49: 123eeacb
2023-10-17 14:22:38: 123eeacb
2023-10-17 14:22:39: ManagerStudent.DTO.Account[]
2023-10-17 14:23:48: 123eeacb
2023-10-17 14:23:49: ManagerStudent.DTO.Account
2023-10-17 14:24:28: 123eeacb
2023-10-17 14:24:28: admin00
2023-10-17 15:08:13: 123eeacb
2023-10-17 15:08:14:    at System.Data.SqlClient.SqlBuffer.get_String()
   at System.Data.SqlClient.SqlDataReader.GetString(Int32 i)
   at ManagerStudent.DAL.GetAccountData.GetAllAccount() in C:\Users\Minh Thao\Documents\GitHub\ManagerStudent\DAL\GetAccountData.cs:line 28
2023-10-17 15:09:08: 123eeacb
2023-10-17 15:09:09:    at System.Data.SqlClient.SqlBuffer.get_String()
   at System.Data.SqlClient.SqlDataReader.GetString(Int32 i)
   at ManagerStudent.DAL.GetAccountData.GetAllAccount() in C:\Users\Minh Thao\Documents\GitHub\ManagerStudent\DAL\GetAccountData.cs:line 28
2023-10-17 15:10:45: 123eeacb
2023-10-17 15:10:46: Unable to cast object of type 'System.Int32' to type 'System.String'.
2023-10-17 15:12:02: 123eeacb
2023-10-17 15:15:54: 123eeacb
2023-10-17 15:18:40: 123eeacb
2023-10-17 15:21:45: 123eeacb
2023-10-17 15:22:22: 123eeacb
2023-10-17 15:22:42: 123eeacb
2023-10-17 15:22:43: Unable to cast object of type 'System.Int32' to type 'System.String'.
2023-10-17 15:23:19: 123eeacb
2023-10-17 15:23:19: Data is Null. This method or property cannot be called on Null values.
2023-10-17 15:23:51: 123eeacb
2023-10-17 15:23:53: Data is Null. This method or property cannot be called on Null values.
2023-10-17 15:24:45: 123eeacb
2023-10-17 15:24:46: Data is Null. This method or property cannot be called on Null values.
2023-10-17 15:26:41: 123eeacb
2023-10-17 15:26:41: Data is Null. This method or property cannot be called on Null values.
2023-10-17 15:26:57: 123eeacb
2023-10-17 15:28:47: 123eeacb
2023-10-17 15:29:18: 123eeacb
2023-10-17 15:30:05: 123eeacb
2023-10-17 15:30:05: Specified cast is not valid.
2023-10-17 15:32:05: 123eeacb
2023-10-17 15:32:06: Specified cast is not valid.
2023-10-17 15:32:31: 123eeacb
2023-10-17 15:32:32: Specified cast is not valid.
2023-10-17 15:34:09: 123eeacb
2023-10-17 15:34:10: Specified cast is not valid.
2023-10-17 15:34:51: 123eeacb
2023-10-17 15:34:52: Specified cast is not valid.
2023-10-17 15:35:31: 123eeacb
2023-10-17 15:35:33: Specified cast is not valid.
2023-10-17 15:35:56: 123eeacb
2023-10-17 15:35:57: Specified cast is not valid.
2023-10-17 15:37:52: 123eeacb
2023-10-17 15:37:53: Specified cast is not valid.
2023-10-17 15:38:44: 123eeacb
2023-10-17 15:38:44: Specified cast is not valid.
2023-10-17 15:40:08: 123eeacb
2023-10-17 15:40:58: 123eeacb
2023-10-17 16:08:53: 123eeacb
2023-10-17 16:08:55: Data is Null. This method or property cannot be called on Null values.
2023-10-17 16:10:54: 123eeacb
2023-10-17 16:10:56: Data is Null. This method or property cannot be called on Null values.
2023-10-17 16:19:27: 123eeacb
2023-10-17 16:21:00: 123eeacb
2023-10-17 16:22:14: 123eeacb
